<?xml version="1.0" encoding="UTF-8"?>
<!-- Generated by org.testng.reporters.JUnitReportReporter -->
<testsuite hostname="Inayat" name="com.qa.test.DemoTest1" tests="3" failures="0" timestamp="27 Mar 2019 08:53:58 GMT" time="0.004" errors="0">
  <testcase name="sum1" time="0.001" classname="com.qa.test.DemoTest1"/>
  <testcase name="Sub1" time="0.001" classname="com.qa.test.DemoTest1"/>
  <testcase name="Div1" time="0.002" classname="com.qa.test.DemoTest1"/>
</testsuite> <!-- com.qa.test.DemoTest1 -->
