<?xml version="1.0" encoding="UTF-8"?>
<!-- Generated by org.testng.reporters.JUnitReportReporter -->
<testsuite hostname="Inayat" name="com.qa.test.DemoTest2" tests="3" failures="0" timestamp="27 Mar 2019 08:53:58 GMT" time="0.002" errors="0">
  <testcase name="Div2" time="0.001" classname="com.qa.test.DemoTest2"/>
  <testcase name="sum2" time="0.000" classname="com.qa.test.DemoTest2"/>
  <testcase name="Sub2" time="0.001" classname="com.qa.test.DemoTest2"/>
</testsuite> <!-- com.qa.test.DemoTest2 -->
