<?xml version="1.0" encoding="UTF-8"?>
<!-- Generated by org.testng.reporters.JUnitReportReporter -->
<testsuite hostname="Inayat" name="com.qa.test.DemoTest" tests="3" failures="0" timestamp="27 Mar 2019 08:53:58 GMT" time="0.036" errors="0">
  <testcase name="Sub" time="0.000" classname="com.qa.test.DemoTest"/>
  <testcase name="sum" time="0.000" classname="com.qa.test.DemoTest"/>
  <testcase name="Div" time="0.036" classname="com.qa.test.DemoTest"/>
</testsuite> <!-- com.qa.test.DemoTest -->
